<?xml version="1.0" encoding="UTF-8"?>
<!-- Generated by org.testng.reporters.JUnitReportReporter -->
<testsuite ignored="0" hostname="DESKTOP-SAVKB1L" failures="0" tests="4" name="tests.HomePageTests" time="36.297" errors="0" timestamp="02 Aug 2020 22:30:01 GMT" skipped="0">
  <testcase classname="tests.HomePageTests" name="cardDetails" time="18.200"/>
  <testcase classname="tests.HomePageTests" name="verifyIfPageLoaded" time="1.078"/>
  <testcase classname="tests.HomePageTests" name="verifyIfRechargeSuccessfull" time="15.936"/>
  <testcase classname="tests.HomePageTests" name="mobileRecharge" time="1.083"/>
</testsuite> <!-- tests.HomePageTests -->
